Arguments: 
  D:\NodeJs\nodejs\node.exe D:\Software\yarn\bin\yarn.js add Jquery

PATH: 
  D:\Download\cmder\vendor\git-for-windows\mingw64\bin;D:\Download\cmder\vendor\git-for-windows\usr\bin;C:\Users\413874\bin;C:\Windows\system32;C:\Windows;C:\Windows\System32\Wbem;C:\Windows\System32\WindowsPowerShell\v1.0;C:\Windows\System32\OpenSSH;D:\NodeJs\nodejs;D:\Software\yarn\bin;D:\Software\hugo;D:\Download\cmder;C:\Users\413874\AppData\Local\Microsoft\WindowsApps;D:\InterllIDea\IntelliJ IDEA Community Edition 2019.2.4\bin;D:\vscode\Microsoft VS Code\bin;C:\Users\413874\AppData\Roaming\npm;C:\Users\413874\AppData\Local\Yarn\bin;D:\Download\cmder

Yarn version: 
  1.22.4

Node version: 
  14.2.0

Platform: 
  win32 x64

Trace: 
  Error: https://registry.npm.taobao.org/Jquery: Not found
      at Request.params.callback [as _callback] (D:\Software\yarn\lib\cli.js:66096:18)
      at Request.self.callback (D:\Software\yarn\lib\cli.js:140748:22)
      at Request.emit (events.js:315:20)
      at Request.<anonymous> (D:\Software\yarn\lib\cli.js:141720:10)
      at Request.emit (events.js:315:20)
      at IncomingMessage.<anonymous> (D:\Software\yarn\lib\cli.js:141642:12)
      at Object.onceWrapper (events.js:421:28)
      at IncomingMessage.emit (events.js:327:22)
      at endReadableNT (_stream_readable.js:1225:12)
      at processTicksAndRejections (internal/process/task_queues.js:84:21)

npm manifest: 
  {
    "name": "MVC-demo",
    "version": "1.0.0",
    "main": "index.js",
    "license": "MIT"
  }

yarn manifest: 
  No manifest

Lockfile: 
  No lockfile
